<?xml version="1.0" encoding="UTF-8"?>
<!-- Generated by org.testng.reporters.JUnitReportReporter -->
<testsuite skipped="0" hostname="DESKTOP-2D4DDNA" name="seleniumTests.SampleTest" tests="1" failures="0" timestamp="19 Dec 2017 07:06:55 GMT" time="7.344" errors="0">
  <testcase name="verifyTitle" time="7.344" classname="seleniumTests.SampleTest"/>
</testsuite> <!-- seleniumTests.SampleTest -->
