<?xml version="1.0" encoding="UTF-8"?>
<!-- Generated by org.testng.reporters.JUnitReportReporter -->
<testsuite skipped="0" hostname="DESKTOP-2D4DDNA" name="seleniumTests.SampleTest4" tests="3" failures="0" timestamp="30 Dec 2017 07:50:29 GMT" time="0.000" errors="0">
  <testcase name="AdvancedSearch" time="0.000" classname="seleniumTests.SampleTest4"/>
  <testcase name="BuyProducts" time="0.000" classname="seleniumTests.SampleTest4"/>
  <testcase name="Search" time="0.000" classname="seleniumTests.SampleTest4"/>
</testsuite> <!-- seleniumTests.SampleTest4 -->
