<?xml version="1.0" encoding="UTF-8"?>
<!-- Generated by org.testng.reporters.JUnitReportReporter -->
<testsuite skipped="0" hostname="HQ2-L8QG2GV1" name="seleniumTests.SampleTest3" tests="3" failures="0" timestamp="11 Jul 2017 06:27:04 GMT" time="0.021" errors="0">
  <testcase name="Login" time="0.015" classname="seleniumTests.SampleTest3"/>
  <testcase name="Search" time="0.003" classname="seleniumTests.SampleTest3"/>
  <testcase name="Logout" time="0.003" classname="seleniumTests.SampleTest3"/>
</testsuite> <!-- seleniumTests.SampleTest3 -->
