<?xml version="1.0" encoding="UTF-8"?>
<!-- Generated by org.testng.reporters.JUnitReportReporter -->
<testsuite skipped="1" hostname="HQ2-L8QG2GV1" name="seleniumTests.SampleTest2" tests="3" failures="0" timestamp="19 Sep 2017 21:41:33 GMT" time="0.013" errors="0">
  <testcase name="Login" time="0.011" classname="seleniumTests.SampleTest2"/>
  <testcase name="Logout" time="0.002" classname="seleniumTests.SampleTest2"/>
  <testcase name="Search" classname="seleniumTests.SampleTest2">
    <skipped/>
  </testcase> <!-- Search -->
</testsuite> <!-- seleniumTests.SampleTest2 -->
