<?xml version="1.0" encoding="UTF-8"?>
<!-- Generated by org.testng.reporters.JUnitReportReporter -->
<testsuite skipped="0" hostname="DESKTOP-2D4DDNA" name="com.crm.qa.testscases.HomePageTest" tests="3" failures="0" timestamp="02 Feb 2018 23:14:35 GMT" time="39.846" errors="0">
  <testcase name="verifyHomePageTitleTest" time="13.166" classname="com.crm.qa.testscases.HomePageTest"/>
  <testcase name="verifyUserNameTest" time="13.894" classname="com.crm.qa.testscases.HomePageTest"/>
  <testcase name="verifyUserStatusTest" time="12.786" classname="com.crm.qa.testscases.HomePageTest"/>
</testsuite> <!-- com.crm.qa.testscases.HomePageTest -->
