<?xml version="1.0" encoding="UTF-8"?>
<!-- Generated by org.testng.reporters.JUnitReportReporter -->
<testsuite skipped="2" hostname="DESKTOP-2D4DDNA" name="com.crm.qa.testscases.LoginPageTest" tests="3" failures="0" timestamp="03 Feb 2018 23:39:01 GMT" time="12.012" errors="0">
  <testcase name="loginFunctionalityTest" time="12.012" classname="com.crm.qa.testscases.LoginPageTest"/>
  <testcase name="crmImageLogoTest" classname="com.crm.qa.testscases.LoginPageTest">
    <skipped/>
  </testcase> <!-- crmImageLogoTest -->
  <testcase name="loginPageTitleTest" classname="com.crm.qa.testscases.LoginPageTest">
    <skipped/>
  </testcase> <!-- loginPageTitleTest -->
</testsuite> <!-- com.crm.qa.testscases.LoginPageTest -->
