<?xml version="1.0" encoding="UTF-8"?>
<!-- Generated by org.testng.reporters.JUnitReportReporter -->
<testsuite skipped="0" hostname="HQ2-L8QG2GV1" name="Jenkin.JenkinIntegration" tests="1" failures="0" timestamp="20 Oct 2017 05:12:43 GMT" time="0.007" errors="0">
  <testcase name="f" time="0.007" classname="Jenkin.JenkinIntegration"/>
</testsuite> <!-- Jenkin.JenkinIntegration -->
