<?xml version="1.0" encoding="UTF-8"?>
<!-- Generated by org.testng.reporters.JUnitReportReporter -->
<testsuite skipped="0" hostname="DESKTOP-2D4DDNA" name="TestNGLearning.TestDependencyUsingFacebook" tests="2" failures="0" timestamp="03 Jan 2018 00:05:44 GMT" time="7.672" errors="0">
  <testcase name="loginToFacebook" time="1.302" classname="TestNGLearning.TestDependencyUsingFacebook"/>
  <testcase name="openBrowser" time="6.370" classname="TestNGLearning.TestDependencyUsingFacebook"/>
</testsuite> <!-- TestNGLearning.TestDependencyUsingFacebook -->
