<?xml version="1.0" encoding="UTF-8"?>
<!-- Generated by org.testng.reporters.JUnitReportReporter -->
<testsuite skipped="0" hostname="DESKTOP-2D4DDNA" name="TestNGLearning.TestNGAssertion" tests="2" failures="0" timestamp="03 Jan 2018 07:15:36 GMT" time="0.016" errors="0">
  <testcase name="testEquality" time="0.001" classname="TestNGLearning.TestNGAssertion"/>
  <testcase name="getTitle" time="0.015" classname="TestNGLearning.TestNGAssertion"/>
</testsuite> <!-- TestNGLearning.TestNGAssertion -->
