<?xml version="1.0" encoding="UTF-8"?>
<!-- Generated by org.testng.reporters.JUnitReportReporter -->
<testsuite skipped="1" hostname="DESKTOP-2D4DDNA" name="TestNGLearning.NewTestNGAttributes" tests="6" failures="0" timestamp="31 Dec 2017 21:27:44 GMT" time="0.008" errors="0">
  <testcase name="a" time="0.000" classname="TestNGLearning.NewTestNGAttributes"/>
  <testcase name="d" time="0.006" classname="TestNGLearning.NewTestNGAttributes"/>
  <testcase name="o" time="0.000" classname="TestNGLearning.NewTestNGAttributes"/>
  <testcase name="f" time="0.001" classname="TestNGLearning.NewTestNGAttributes"/>
  <testcase name="m" time="0.001" classname="TestNGLearning.NewTestNGAttributes"/>
  <testcase name="h" classname="TestNGLearning.NewTestNGAttributes">
    <skipped/>
  </testcase> <!-- h -->
</testsuite> <!-- TestNGLearning.NewTestNGAttributes -->
