<?xml version="1.0" encoding="UTF-8"?>
<!-- Generated by org.testng.reporters.JUnitReportReporter -->
<testsuite skipped="0" hostname="DESKTOP-2D4DDNA" name="TestNGLearning.TestAnnotations1" tests="2" failures="0" timestamp="31 Dec 2017 21:08:35 GMT" time="0.001" errors="0">
  <testcase name="m1" time="0.001" classname="TestNGLearning.TestAnnotations1"/>
  <testcase name="m2" time="0.000" classname="TestNGLearning.TestAnnotations1"/>
</testsuite> <!-- TestNGLearning.TestAnnotations1 -->
