<?xml version="1.0" encoding="UTF-8"?>
<!-- Generated by org.testng.reporters.JUnitReportReporter -->
<testsuite skipped="0" hostname="DESKTOP-2D4DDNA" name="TestNGLearning.myBrocadeLogin" tests="1" failures="0" timestamp="08 Jan 2018 00:38:40 GMT" time="6.036" errors="0">
  <testcase name="doubleClick" time="6.036" classname="TestNGLearning.myBrocadeLogin"/>
</testsuite> <!-- TestNGLearning.myBrocadeLogin -->
