<?xml version="1.0" encoding="UTF-8"?>
<!-- Generated by org.testng.reporters.JUnitReportReporter -->
<testsuite skipped="0" hostname="DESKTOP-2D4DDNA" name="TestNGLearning.TestGrouping" tests="6" failures="0" timestamp="03 Jan 2018 03:37:34 GMT" time="0.008" errors="0">
  <testcase name="f3" time="0.003" classname="TestNGLearning.TestGrouping"/>
  <testcase name="f6" time="0.001" classname="TestNGLearning.TestGrouping"/>
  <testcase name="f7" time="0.000" classname="TestNGLearning.TestGrouping"/>
  <testcase name="f4" time="0.001" classname="TestNGLearning.TestGrouping"/>
  <testcase name="f5" time="0.001" classname="TestNGLearning.TestGrouping"/>
  <testcase name="f1" time="0.002" classname="TestNGLearning.TestGrouping"/>
</testsuite> <!-- TestNGLearning.TestGrouping -->
