<?xml version="1.0" encoding="UTF-8"?>
<!-- Generated by org.testng.reporters.JUnitReportReporter -->
<testsuite skipped="0" hostname="DESKTOP-2D4DDNA" name="TestNGLearning.TestGrouping1" tests="1" failures="0" timestamp="03 Jan 2018 03:37:34 GMT" time="0.001" errors="0">
  <testcase name="m4" time="0.001" classname="TestNGLearning.TestGrouping1"/>
</testsuite> <!-- TestNGLearning.TestGrouping1 -->
