<?xml version="1.0" encoding="UTF-8"?>
<!-- Generated by org.testng.reporters.JUnitReportReporter -->
<testsuite skipped="0" hostname="HQ2-L8QG2GV1" name="helloWorld.HelloWorld" tests="2" failures="0" timestamp="12 Oct 2017 18:17:41 GMT" time="0.016" errors="0">
  <testcase name="Sample_String" time="0.000" classname="helloWorld.HelloWorld"/>
  <testcase name="ArrayDemo" time="0.016" classname="helloWorld.HelloWorld"/>
</testsuite> <!-- helloWorld.HelloWorld -->
